<?xml version="1.0" encoding="UTF-8"?>
<!-- Generated by org.testng.reporters.JUnitReportReporter -->
<testsuite hostname="Vinuthas-MacBook-Pro.local" failures="0" tests="1" name="ecomm.SeleniumAutomation.StandAloneTest" time="4.471" errors="0" timestamp="2022-12-24T16:54:14 IST" skipped="0">
  <testcase classname="ecomm.SeleniumAutomation.StandAloneTest" name="orderPlacement" time="4.471"/>
  <system-out/>
</testsuite> <!-- ecomm.SeleniumAutomation.StandAloneTest -->
