<?xml version="1.0" encoding="UTF-8"?>
<!-- Generated by org.testng.reporters.JUnitReportReporter -->
<testsuite hostname="Vinuthas-MacBook-Pro.local" failures="0" tests="4" name="ecomm.SeleniumAutomation.Tests.OrderPlacement" time="23.279" errors="0" timestamp="2022-12-25T05:32:48 IST" skipped="0">
  <testcase classname="ecomm.SeleniumAutomation.Tests.OrderPlacement" name="orderPlacement" time="8.489"/>
  <system-out/>
  <testcase classname="ecomm.SeleniumAutomation.Tests.OrderPlacement" name="orderPlacement" time="9.501"/>
  <system-out/>
  <testcase classname="ecomm.SeleniumAutomation.Tests.OrderPlacement" name="OrdersPageValidation" time="2.720"/>
  <system-out/>
  <testcase classname="ecomm.SeleniumAutomation.Tests.OrderPlacement" name="OrdersPageValidation" time="2.569"/>
  <system-out/>
</testsuite> <!-- ecomm.SeleniumAutomation.Tests.OrderPlacement -->
